{
  "stats": {
    "suites": 1,
    "tests": 1,
    "passes": 1,
    "pending": 0,
    "failures": 0,
    "start": "2023-11-13T14:38:32.610Z",
    "end": "2023-11-13T14:38:43.930Z",
    "duration": 11320,
    "testsRegistered": 1,
    "passPercent": 100,
    "pendingPercent": 0,
    "other": 0,
    "hasOther": false,
    "skipped": 0,
    "hasSkipped": false
  },
  "results": [
    {
      "uuid": "4d1ed4e8-52f2-4984-a30b-2a9b320f34b8",
      "title": "",
      "fullFile": "cypress/e2e/tests/admin_test.cy.js",
      "file": "cypress/e2e/tests/admin_test.cy.js",
      "beforeHooks": [],
      "afterHooks": [],
      "tests": [],
      "suites": [
        {
          "uuid": "0da9b9b0-d213-4646-a534-aae1a0d61298",
          "title": "Admin Scenarios",
          "fullFile": "",
          "file": "",
          "beforeHooks": [],
          "afterHooks": [],
          "tests": [
            {
              "title": "Add admin",
              "fullTitle": "Admin Scenarios Add admin",
              "timedOut": null,
              "duration": 10044,
              "state": "passed",
              "speed": "slow",
              "pass": true,
              "fail": false,
              "pending": false,
              "context": null,
              "code": "admin.goToAdmin();\nadmin.clickAddBtn();\nadmin.selectUserRole();\nadmin.fillEmployee();\nadmin.selectStatus();\nadmin.typeUsername();\nadmin.setPassword();\nadmin.saveUser();\nadmin.verifyUser();",
              "err": {},
              "uuid": "954f1d8f-85d3-43ef-800e-5f9475910289",
              "parentUUID": "0da9b9b0-d213-4646-a534-aae1a0d61298",
              "isHook": false,
              "skipped": false
            }
          ],
          "suites": [],
          "passes": [
            "954f1d8f-85d3-43ef-800e-5f9475910289"
          ],
          "failures": [],
          "pending": [],
          "skipped": [],
          "duration": 10044,
          "root": false,
          "rootEmpty": false,
          "_timeout": 2000
        }
      ],
      "passes": [],
      "failures": [],
      "pending": [],
      "skipped": [],
      "duration": 0,
      "root": true,
      "rootEmpty": true,
      "_timeout": 2000
    }
  ],
  "meta": {
    "mocha": {
      "version": "7.0.1"
    },
    "mochawesome": {
      "options": {
        "quiet": false,
        "reportFilename": "mochawesome",
        "saveHtml": true,
        "saveJson": true,
        "consoleReporter": "spec",
        "useInlineDiffs": false,
        "code": true
      },
      "version": "7.1.3"
    },
    "marge": {
      "options": null,
      "version": "6.2.0"
    }
  }
}